    1  ls /
    2  ls /usr
    3  pwd
    4  cd /root
    5  pwd
    6  docker stop centos7
    7  docker stop centos7
    8  docker start centos7
    9  cd /root
   10  cd usr
   11  cd /usr
   12  pwd
   13  cd /home
   14  mkdir test1
   15  ls
   16  cd /home
   17  mkdir test2/test3
   18  cd /home
   19  mkdir -p test2/test3
   20  ls test2
   21  ls
   22  cd /home
   23  touch test1/index.php
   24  ls test1
   25  cd /home/test1 && ls
   26  cd /home/test1
   27  cp index.php copy.php
   28  ls
   29  cd /home
   30  cp -r test1 test4
   31  ls
   32  ls　test4
   33  ls test4
   34  cd /home
   35  mv test2/test3 test3
   36  ls
   37  cd /home
   38  mv test4 test1_copy
   39  ls
   40  cd /home
   41  ls test1
   42  rm test1/copy.php
   43  ls test1
   44  rm test1/copy.php
   45  ls test1
   46  rm -r test3
   47  ls
   48  cd /home
   49  rm test1_copy/*.php
   50  ls test1_copy
   51  rm test1_copy/*.php
   52  ls test1_copy
   53  ls
   54  ls test1
   55  cat README.md
   56  cd /home
   57  echo '# Hello World' > README.md
   58  cat README.md
   59  echo '# Server Lesson' > README.md
   60  cat README.md
   61  echo 'Linux Practice' >> README.md
   62  echo '-----------------' >> README.md
   63  cat README.md
   64  cd /home
   65  vi README.md
   66  cd /root
   67  mkdir server_lesson && cd server_lesson
   68  yum update -y && yum -y install git
   69  git version
   70  git init
   71  touch first.txt
   72  ls
   73  cd server_lesson/linux_practice1
   74  ls
   75  cd/server_lesson/linux_practice1
   76  cd server_lesson
   77  cd/server_lesson
   78  cd /server_lesson
   79  ls
   80  cd server_lesson
   81  cd /root
   82  ls
   83  cd /server_lesson
   84  cd server_lesson
   85  ls
   86  mkdir -p linux_practice1/public
   87  ls
   88  cd /linux_practice1
   89  cd linux_practice1
   90  ls
   91  cd public
   92  touch index.php
   93  ls
   94  cd /server_lesson/linux_practice1/public/index.php
   95  cd server_lesson/linux_practice1/public/index.php
   96  cd server_lesson
   97  cd /server_lesson
   98  cd server_lesson/linux_practice1/public/index.php
   99  cd /server_lesson/linux_practice1/public/index.php
  100  ls
  101  cd/
  102  cd /
  103  ls
  104  cd -
  105  cd .
  106  cd ..
  107  cd .
  108  ls
  109  cd ..
  110  cd /public
  111  cd server_lesson/linux_practice1/public
  112  cd /server_lesson/linux_practice1/public
  113  cd server_lesson
  114  cd / linux_practice1/public
  115  cd-
  116  cd -
  117  cd /linux_practice1/public
  118  cd linux_practice1/public
  119  cp index.php/index_bk.php
  120  ls
  121  cp index.php index_bk.php
  122  ls
  123  cd server_lesson
  124  cd /server_lesson
  125  cd /server_lesson
  126  server_lesson
  127  ls
  128  cd server_lesson
  129  cd ..
  130  cd ..
  131  cp -r server_lesson/linux_practice1/public server_lesson/linux_practice1/tmp
  132  ls
  133  cp -r linux_practice1 server_lesson/linux_practice1/tmp
  134  cd /linux_practice1
  135  cd linux_practice1
  136  ls
  137  cp -r public tmp
  138  ls
  139  cd tmp
  140  ls
  141  rm index_bk.php
  142  ls
  143  cd ...
  144  cd ..
  145  cd ..
  146  touth README.md
  147  touch README.md
  148  ls
  149  cd /README.md
  150  cd README.md
  151  vi README.md
  152  git commit -m
  153  git commit -m"練習問題４まで"
  154  git add .
  155  git commit
  156  git config --global user.email [naokl071447@gmail.com]
  157  git commit
  158  git commit -m"練習問題４まで"
  159  git remote add origin[https://github.com/hata0714/server_lesson.git]
  160  git push origin master
  161  git init
  162  ls
  163  ls -a
  164  git status
  165  git add .
  166  git status
  167  git commit -m 'first commit'
  168  https://github.com/hata0714/server_lesson.git
  169  git remote add origin[https://github.com/hata0714/server_lesson.git]
  170  ls -a
  171  git status
  172  git commit
  173  ls
  174  cd linux_practice1
  175  cd -
  176  git push
  177  vi README.md
  178  git add .
  179  git commit -m'練習問題１の５’

git commit -m'練習問題１の５’
  180  '
git commit

'
  181  git commit
  182  git version
  183  mkgir linux_practice2
  184  mkdir linux_practice2
  185  ls
  186  cd linux_practice2
  187  mkdir documents
  188  cd documents
  189  touch gizumo{01..50}.md
  190  ls
  191  cd..
  192  cd ..
  193  mkdir trash 
  194  ls
  195  cd trash
  196  mv documents/gizumo{20..40}.md trash
  197  mv documents/gizumo{20..40}.md gizumo{20..40}.md
  198  ls
  199  mv documents/gizumo{20..40}.md trash
  200  cd ..
  201  mv documents/gizumo{20..40}.md trash
  202  ls
  203  cd documents
  204  ls
  205  cd trash
  206  cd ..
  207  cd trash
  208  ls
  209  cd ..
  210  vi .gitignore
  211  ls
  212  vi .gitignore
  213  ls
  214  ]vi .gitignore
  215  vi .gitignore
  216  ls
  217  touch .gitignore
  218  ls
  219  history 300
  220  history 300 >> exec_command.log
